<?xml version="1.0" encoding="UTF-8"?>
<robot generator="Robot 3.0.4 (Python 3.6.0 on win32)" generated="20190111 14:46:16.622">
<suite id="s1" name="Test" source="F:\AutoTestPlat\AutoTestPlat\webtest\test.txt">
<test id="s1-t1" name="Test06">
<kw name="Open Browser" library="Selenium2Library">
<doc>Opens a new browser instance to the given ``url``.</doc>
<arguments>
<arg>https://www.baidu.com/</arg>
<arg>chrome</arg>
</arguments>
<msg timestamp="20190111 14:46:20.208" level="INFO">Opening browser 'chrome' to base url 'https://www.baidu.com/'.</msg>
<status status="PASS" starttime="20190111 14:46:20.208" endtime="20190111 14:46:33.489"></status>
</kw>
<kw name="Sleep" library="BuiltIn">
<doc>Pauses the test executed for the given time.</doc>
<arguments>
<arg>3</arg>
</arguments>
<msg timestamp="20190111 14:46:36.490" level="INFO">Slept 3 seconds</msg>
<status status="PASS" starttime="20190111 14:46:33.489" endtime="20190111 14:46:36.490"></status>
</kw>
<kw name="Input Text" library="Selenium2Library">
<doc>Types the given ``text`` into text field identified by ``locator``.</doc>
<arguments>
<arg>id=kw</arg>
<arg>python</arg>
</arguments>
<msg timestamp="20190111 14:46:36.490" level="INFO">Typing text 'python' into text field 'id=kw'.</msg>
<status status="PASS" starttime="20190111 14:46:36.490" endtime="20190111 14:46:36.809"></status>
</kw>
<kw name="Click" library="SikuliLibrary">
<doc>Click image</doc>
<arguments>
<arg>${picture_path}/baidu.png</arg>
</arguments>
<msg timestamp="20190111 14:46:39.409" level="INFO">Params: [F:/AutoTestPlat/AutoTestPlat/webtest/media/baidu.png]</msg>
<msg timestamp="20190111 14:46:39.409" level="INFO" html="yes">&lt;img src='sikuli_captured/sikuliximage-1547189198272.png'/&gt;
[log] CLICK on L(629,162)@S(0)[0,0 1920x1080] (563 msec)</msg>
<status status="PASS" starttime="20190111 14:46:36.810" endtime="20190111 14:46:39.409"></status>
</kw>
<kw name="Close Browser" library="Selenium2Library">
<doc>Closes the current browser.</doc>
<status status="PASS" starttime="20190111 14:46:39.410" endtime="20190111 14:46:41.744"></status>
</kw>
<kw name="Close Browser" library="Selenium2Library" type="teardown">
<doc>Closes the current browser.</doc>
<status status="PASS" starttime="20190111 14:46:41.744" endtime="20190111 14:46:41.745"></status>
</kw>
<doc>login</doc>
<status status="PASS" starttime="20190111 14:46:20.207" endtime="20190111 14:46:41.745" critical="yes"></status>
</test>
<test id="s1-t2" name="Test07">
<kw name="Open Browser" library="Selenium2Library">
<doc>Opens a new browser instance to the given ``url``.</doc>
<arguments>
<arg>https://testerhome.com/</arg>
<arg>chrome</arg>
</arguments>
<msg timestamp="20190111 14:46:41.783" level="INFO">Opening browser 'chrome' to base url 'https://testerhome.com/'.</msg>
<status status="PASS" starttime="20190111 14:46:41.782" endtime="20190111 14:46:51.504"></status>
</kw>
<kw name="Sleep" library="BuiltIn">
<doc>Pauses the test executed for the given time.</doc>
<arguments>
<arg>3</arg>
</arguments>
<msg timestamp="20190111 14:46:54.505" level="INFO">Slept 3 seconds</msg>
<status status="PASS" starttime="20190111 14:46:51.504" endtime="20190111 14:46:54.505"></status>
</kw>
<kw name="Maximize Browser Window" library="Selenium2Library">
<doc>Maximizes current browser window.</doc>
<status status="PASS" starttime="20190111 14:46:54.505" endtime="20190111 14:46:55.720"></status>
</kw>
<kw name="Click" library="SikuliLibrary">
<doc>Click image</doc>
<arguments>
<arg>${picture_path}/login.png</arg>
</arguments>
<msg timestamp="20190111 14:46:57.140" level="INFO">Params: [F:/AutoTestPlat/AutoTestPlat/webtest/media/login.png]</msg>
<msg timestamp="20190111 14:46:57.140" level="INFO" html="yes">&lt;img src='sikuli_captured/sikuliximage-1547189216244.png'/&gt;
[log] CLICK on L(1529,141)@S(0)[0,0 1920x1080] (534 msec)</msg>
<status status="PASS" starttime="20190111 14:46:55.721" endtime="20190111 14:46:57.140"></status>
</kw>
<kw name="Wait Until Page Contains Element" library="Selenium2Library">
<doc>Waits until element ``locator`` appears on current page.</doc>
<arguments>
<arg>id=user_login</arg>
<arg>5</arg>
</arguments>
<status status="PASS" starttime="20190111 14:46:57.140" endtime="20190111 14:46:57.333"></status>
</kw>
<kw name="Input Text" library="Selenium2Library">
<doc>Types the given ``text`` into text field identified by ``locator``.</doc>
<arguments>
<arg>id=user_login</arg>
<arg>1633235633@qq.com</arg>
</arguments>
<msg timestamp="20190111 14:46:57.333" level="INFO">Typing text '1633235633@qq.com' into text field 'id=user_login'.</msg>
<status status="PASS" starttime="20190111 14:46:57.333" endtime="20190111 14:46:57.728"></status>
</kw>
<kw name="Input Text" library="Selenium2Library">
<doc>Types the given ``text`` into text field identified by ``locator``.</doc>
<arguments>
<arg>id=user_password</arg>
<arg>yp10086</arg>
</arguments>
<msg timestamp="20190111 14:46:57.728" level="INFO">Typing text 'yp10086' into text field 'id=user_password'.</msg>
<status status="PASS" starttime="20190111 14:46:57.728" endtime="20190111 14:46:57.865"></status>
</kw>
<kw name="Click Button" library="Selenium2Library">
<doc>Clicks button identified by ``locator``.</doc>
<arguments>
<arg>name=commit</arg>
</arguments>
<msg timestamp="20190111 14:46:57.865" level="INFO">Clicking button 'name=commit'.</msg>
<status status="PASS" starttime="20190111 14:46:57.865" endtime="20190111 14:46:58.014"></status>
</kw>
<kw name="Wait Until Page Contains Element" library="Selenium2Library">
<doc>Waits until element ``locator`` appears on current page.</doc>
<arguments>
<arg>xpath=//*[@id="main-page"]/div[1]/nav/div/ul[1]/li/a/img</arg>
</arguments>
<status status="PASS" starttime="20190111 14:46:58.014" endtime="20190111 14:46:58.713"></status>
</kw>
<kw name="Close Browser" library="Selenium2Library">
<doc>Closes the current browser.</doc>
<status status="PASS" starttime="20190111 14:46:58.713" endtime="20190111 14:47:01.097"></status>
</kw>
<kw name="Close Browser" library="Selenium2Library" type="teardown">
<doc>Closes the current browser.</doc>
<status status="PASS" starttime="20190111 14:47:01.097" endtime="20190111 14:47:01.097"></status>
</kw>
<doc>��¼testhome</doc>
<status status="PASS" starttime="20190111 14:46:41.745" endtime="20190111 14:47:01.097" critical="yes"></status>
</test>
<status status="PASS" starttime="20190111 14:46:16.625" endtime="20190111 14:47:01.098"></status>
</suite>
<statistics>
<total>
<stat pass="2" fail="0">Critical Tests</stat>
<stat pass="2" fail="0">All Tests</stat>
</total>
<tag>
</tag>
<suite>
<stat pass="2" fail="0" id="s1" name="Test">Test</stat>
</suite>
</statistics>
<errors>
</errors>
</robot>
